<?xml version="1.0" encoding="UTF-8"?>
<!-- Generated by org.testng.reporters.JUnitReportReporter -->
<testsuite hostname="DISCW58ZLPC0829" failures="0" tests="1" name="listeners.LoginTest" time="0.009" errors="0" timestamp="2022-12-30T10:36:20 IST" skipped="0">
  <testcase classname="listeners.LoginTest" name="loginByEmail" time="0.009"/>
  <system-out/>
</testsuite> <!-- listeners.LoginTest -->
