<?xml version="1.0" encoding="UTF-8"?>
<!-- Generated by org.testng.reporters.JUnitReportReporter -->
<testsuite skipped="1" hostname="DISCW58ZLPC0829" name="com.inetBanking.testCases.TC_LoginDDT_002" tests="1" failures="0" timestamp="2023-01-03T10:20:25 IST" time="0.000" errors="0">
  <testcase name="loginDDT" time="0.000" classname="com.inetBanking.testCases.TC_LoginDDT_002">
    <skipped/>
  </testcase> <!-- loginDDT -->
  <system-out/>
</testsuite> <!-- com.inetBanking.testCases.TC_LoginDDT_002 -->
